\BOOKMARK [0][-]{Doc-Start}{Preface}{}% 1
\BOOKMARK [0][-]{Doc-Start}{Foreword}{}% 2
\BOOKMARK [0][-]{Doc-Start}{Dedication}{}% 3
\BOOKMARK [0][-]{Doc-Start}{Acknowledgements}{}% 4
\BOOKMARK [0][-]{chapter*.2}{List of Tables}{}% 5
\BOOKMARK [0][-]{chapter*.3}{List of Figures}{}% 6
\BOOKMARK [0][-]{chapter*.3}{List of Abbreviations}{}% 7
\BOOKMARK [0][-]{chapter.1}{Introduction}{}% 8
\BOOKMARK [1][-]{section.1.1}{Source of Nonlinearity in an Optical Fiber}{chapter.1}% 9
\BOOKMARK [1][-]{section.1.2}{Physics of Pulse Propagation}{chapter.1}% 10
\BOOKMARK [1][-]{section.1.3}{Numerical Pulse Propagation}{chapter.1}% 11
\BOOKMARK [1][-]{section.1.4}{Experimental Pulse Diagnostics}{chapter.1}% 12
\BOOKMARK [1][-]{section.1.5}{Group Velocity Dispersion}{chapter.1}% 13
\BOOKMARK [1][-]{section.1.6}{Self-Phase Modulation}{chapter.1}% 14
\BOOKMARK [1][-]{section.1.7}{Four-wave-mixing}{chapter.1}% 15
\BOOKMARK [1][-]{section.1.8}{Cross-Phase Modulation}{chapter.1}% 16
\BOOKMARK [1][-]{section.1.9}{Stimulated Inelastic Scattering}{chapter.1}% 17
\BOOKMARK [1][-]{section.1.10}{Outline of Thesis}{chapter.1}% 18
\BOOKMARK [1][-]{section.1.11}{Theorems}{chapter.1}% 19
\BOOKMARK [1][-]{section.1.12}{Axioms}{chapter.1}% 20
\BOOKMARK [1][-]{section.1.13}{Tables}{chapter.1}% 21
\BOOKMARK [2][-]{subsection.1.13.1}{Adding Extra Space between Text and Horizontal Lines}{section.1.13}% 22
\BOOKMARK [1][-]{section.1.14}{Figures}{chapter.1}% 23
\BOOKMARK [2][-]{subsection.1.14.1}{Numbering Figures}{section.1.14}% 24
\BOOKMARK [1][-]{section.1.15}{Short Titles}{chapter.1}% 25
\BOOKMARK [1][-]{section.1.16}{Figures on Text Page}{chapter.1}% 26
\BOOKMARK [1][-]{section.1.17}{Wrapping Text around Figure}{chapter.1}% 27
\BOOKMARK [1][-]{section.1.18}{LaTeX \205 A Typesetting Program}{chapter.1}% 28
\BOOKMARK [1][-]{section.1.19}{Using Bibtex}{chapter.1}% 29
\BOOKMARK [1][-]{section.1.20}{Using Natbib}{chapter.1}% 30
\BOOKMARK [1][-]{section.1.21}{APS Physical Review Style and Notation Guide}{chapter.1}% 31
\BOOKMARK [1][-]{section.1.22}{Subfigures}{chapter.1}% 32
\BOOKMARK [0][-]{chapter*.4}{Bibliography}{}% 33
